#
# There is insufficient memory for the Java Runtime Environment to continue.
# Native memory allocation (malloc) failed to allocate 32744 bytes for ChunkPool::allocate
# Possible reasons:
#   The system is out of physical RAM or swap space
#   In 32 bit mode, the process size limit was hit
# Possible solutions:
#   Reduce memory load on the system
#   Increase physical memory or swap space
#   Check if swap backing store is full
#   Use 64 bit Java on a 64 bit OS
#   Decrease Java heap size (-Xmx/-Xms)
#   Decrease number of Java threads
#   Decrease Java thread stack sizes (-Xss)
#   Set larger code cache with -XX:ReservedCodeCacheSize=
# This output file may be truncated or incomplete.
#
#  Out of Memory Error (allocation.cpp:273), pid=232, tid=0x0000000000001f34
#
# JRE version: Java(TM) SE Runtime Environment (8.0_144-b01) (build 1.8.0_144-b01)
# Java VM: Java HotSpot(TM) 64-Bit Server VM (25.144-b01 mixed mode windows-amd64 compressed oops)
# Failed to write core dump. Minidumps are not enabled by default on client versions of Windows
#

---------------  T H R E A D  ---------------

Current thread (0x0000000019d36800):  VMThread [stack: 0x000000001ba10000,0x000000001bb10000] [id=7988]

Stack: [0x000000001ba10000,0x000000001bb10000]
[error occurred during error reporting (printing stack bounds), id 0xc0000005]

Native frames: (J=compiled Java code, j=interpreted, Vv=VM code, C=native code)

VM_Operation (0x000000002c90def0): RevokeBias, mode: safepoint, requested by thread 0x000000002304e800


---------------  P R O C E S S  ---------------

Java Threads: ( => current thread )
  0x0000000023051800 JavaThread "elasticsearch[_client_][generic][T#3]" daemon [_thread_blocked, id=11836, stack(0x000000002ea30000,0x000000002eb30000)]
  0x000000002304f000 JavaThread "elasticsearch[_client_][generic][T#2]" daemon [_thread_blocked, id=12280, stack(0x000000002d920000,0x000000002da20000)]
  0x000000002304e800 JavaThread "elasticsearch[_client_][transport_client_boss][T#14]" daemon [_thread_blocked, id=9184, stack(0x000000002c810000,0x000000002c910000)]
  0x0000000023048000 JavaThread "elasticsearch[_client_][transport_client_boss][T#13]" daemon [_thread_in_native, id=7768, stack(0x000000002c710000,0x000000002c810000)]
  0x000000002304d800 JavaThread "elasticsearch[_client_][transport_client_boss][T#12]" daemon [_thread_in_native, id=9924, stack(0x000000002c610000,0x000000002c710000)]
  0x000000002304a800 JavaThread "elasticsearch[_client_][transport_client_boss][T#11]" daemon [_thread_in_native, id=7272, stack(0x000000002c510000,0x000000002c610000)]
  0x000000002304a000 JavaThread "elasticsearch[_client_][transport_client_boss][T#10]" daemon [_thread_in_native, id=11796, stack(0x000000002c410000,0x000000002c510000)]
  0x000000002304d000 JavaThread "elasticsearch[_client_][transport_client_boss][T#9]" daemon [_thread_in_native, id=1988, stack(0x000000002c310000,0x000000002c410000)]
  0x000000002304c000 JavaThread "elasticsearch[_client_][transport_client_boss][T#8]" daemon [_thread_in_native, id=9620, stack(0x000000002c210000,0x000000002c310000)]
  0x0000000023049000 JavaThread "elasticsearch[_client_][transport_client_boss][T#7]" daemon [_thread_in_native, id=12036, stack(0x000000002c110000,0x000000002c210000)]
  0x000000001ed66800 JavaThread "elasticsearch[_client_][transport_client_boss][T#6]" daemon [_thread_in_native, id=8900, stack(0x000000002c010000,0x000000002c110000)]
  0x000000001ed65800 JavaThread "elasticsearch[_client_][transport_client_boss][T#5]" daemon [_thread_in_native, id=4560, stack(0x000000002bf10000,0x000000002c010000)]
  0x000000001ed6b000 JavaThread "elasticsearch[_client_][transport_client_boss][T#4]" daemon [_thread_in_native, id=11104, stack(0x000000002be10000,0x000000002bf10000)]
  0x000000001ed6a000 JavaThread "elasticsearch[_client_][transport_client_boss][T#3]" daemon [_thread_in_native, id=3868, stack(0x000000002bd10000,0x000000002be10000)]
  0x000000001ed67000 JavaThread "elasticsearch[_client_][transport_client_boss][T#2]" daemon [_thread_in_native, id=7352, stack(0x000000002bc10000,0x000000002bd10000)]
  0x000000001ed65000 JavaThread "elasticsearch[_client_][generic][T#1]" daemon [_thread_blocked, id=2552, stack(0x000000002bb10000,0x000000002bc10000)]
  0x000000001ed69800 JavaThread "elasticsearch[_client_][transport_client_boss][T#1]" daemon [_thread_in_native, id=8464, stack(0x000000002a800000,0x000000002a900000)]
  0x000000001ed6b800 JavaThread "ObjectCleanerThread" daemon [_thread_blocked, id=9224, stack(0x000000002a700000,0x000000002a800000)]
  0x000000001dd82800 JavaThread "elasticsearch[_client_][scheduler][T#1]" daemon [_thread_blocked, id=7256, stack(0x0000000028e80000,0x0000000028f80000)]
  0x000000001fa69800 JavaThread "elasticsearch[_client_][[timer]]" daemon [_thread_blocked, id=7752, stack(0x00000000276c0000,0x00000000277c0000)]
  0x0000000025038800 JavaThread "test housekeeper" daemon [_thread_blocked, id=11844, stack(0x0000000024290000,0x0000000024390000)]
  0x000000001e838000 JavaThread "Abandoned connection cleanup thread" daemon [_thread_blocked, id=3140, stack(0x00000000204b0000,0x00000000205b0000)]
  0x000000001bd69800 JavaThread "Service Thread" daemon [_thread_blocked, id=8244, stack(0x000000001cfa0000,0x000000001d0a0000)]
  0x000000001bce6800 JavaThread "C1 CompilerThread3" daemon [_thread_blocked, id=4020, stack(0x000000001cea0000,0x000000001cfa0000)]
  0x000000001bcdf000 JavaThread "C2 CompilerThread2" daemon [_thread_in_native, id=2252, stack(0x000000001cda0000,0x000000001cea0000)]
  0x000000001bcde000 JavaThread "C2 CompilerThread1" daemon [_thread_in_native, id=3408, stack(0x000000001cca0000,0x000000001cda0000)]
  0x000000001bcd2000 JavaThread "C2 CompilerThread0" daemon [_thread_in_native, id=7232, stack(0x000000001cba0000,0x000000001cca0000)]
  0x000000001bcc1000 JavaThread "JDWP Command Reader" daemon [_thread_in_native, id=6528, stack(0x000000001caa0000,0x000000001cba0000)]
  0x000000001bcbc000 JavaThread "JDWP Event Helper Thread" daemon [_thread_blocked, id=11904, stack(0x000000001c9a0000,0x000000001caa0000)]
  0x000000001bcb0000 JavaThread "JDWP Transport Listener: dt_socket" daemon [_thread_blocked, id=5248, stack(0x000000001c8a0000,0x000000001c9a0000)]
  0x000000001bca4800 JavaThread "Attach Listener" daemon [_thread_blocked, id=9472, stack(0x000000001c270000,0x000000001c370000)]
  0x000000001bc51000 JavaThread "Signal Dispatcher" daemon [_thread_blocked, id=7072, stack(0x000000001c170000,0x000000001c270000)]
  0x0000000019d45000 JavaThread "Finalizer" daemon [_thread_blocked, id=1584, stack(0x000000001c010000,0x000000001c110000)]
  0x0000000019d3e000 JavaThread "Reference Handler" daemon [_thread_blocked, id=6840, stack(0x000000001bb10000,0x000000001bc10000)]
  0x0000000004d87000 JavaThread "main" [_thread_blocked, id=3100, stack(0x0000000004c80000,0x0000000004d80000)]

Other Threads:
=>0x0000000019d36800 VMThread [stack: 0x000000001ba10000,0x000000001bb10000] [id=7988]
  0x000000001bde8800 WatcherThread [stack: 0x000000001d0a0000,0x000000001d1a0000] [id=8824]

VM state:at safepoint (normal execution)

VM Mutex/Monitor currently owned by a thread:  ([mutex/lock_event])
[0x0000000004d83a70] Threads_lock - owner thread: 0x0000000019d36800

Heap:
 PSYoungGen      total 280576K, used 219071K [0x00000000d6500000, 0x00000000f0b00000, 0x0000000100000000)
  eden space 261632K, 76% used [0x00000000d6500000,0x00000000e297eff8,0x00000000e6480000)
  from space 18944K, 94% used [0x00000000e6480000,0x00000000e75f0f58,0x00000000e7700000)
  to   space 49152K, 0% used [0x00000000edb00000,0x00000000edb00000,0x00000000f0b00000)
 ParOldGen       total 109568K, used 100660K [0x0000000082e00000, 0x0000000089900000, 0x00000000d6500000)
  object space 109568K, 91% used [0x0000000082e00000,0x000000008904d030,0x0000000089900000)
 Metaspace       used 70349K, capacity 73302K, committed 73472K, reserved 1112064K
  class space    used 9500K, capacity 10169K, committed 10240K, reserved 1048576K

Card table byte_map: [0x0000000014240000,0x0000000014630000] byte_map_base: 0x0000000013e29000

Marking Bits: (ParMarkBitMap*) 0x0000000073f6d850
 Begin Bits: [0x00000000150d0000, 0x0000000017018000)
 End Bits:   [0x0000000017018000, 0x0000000018f60000)

Polling page: 0x0000000004770000

CodeCache: size=245760Kb used=17115Kb max_used=17115Kb free=228645Kb
 bounds [0x0000000004e80000, 0x0000000005f50000, 0x0000000013e80000]
 total_blobs=4893 nmethods=4262 adapters=551
 compilation: enabled

Compilation events (10 events):
Event: 12.477 Thread 0x000000001bce6800 nmethod 4943 0x0000000005eff910 code [0x0000000005effdc0, 0x0000000005f03638]
Event: 12.477 Thread 0x000000001bce6800 4944       3       java.util.Currency::getInstance (214 bytes)
Event: 12.478 Thread 0x000000001bce6800 nmethod 4944 0x0000000005f43cd0 code [0x0000000005f44000, 0x0000000005f457c8]
Event: 12.527 Thread 0x000000001bce6800 4946       1       com.fasterxml.jackson.databind.MapperFeature::getMask (5 bytes)
Event: 12.527 Thread 0x000000001bce6800 nmethod 4946 0x0000000005f14950 code [0x0000000005f14aa0, 0x0000000005f14bb0]
Event: 12.543 Thread 0x000000001bce6800 4947       3       org.elasticsearch.common.io.stream.BytesStreamOutput::writeByte (38 bytes)
Event: 12.543 Thread 0x000000001bce6800 nmethod 4947 0x0000000005f143d0 code [0x0000000005f14540, 0x0000000005f14858]
Event: 12.544 Thread 0x000000001bce6800 4948       3       org.elasticsearch.common.util.BigArrays$ByteArrayWrapper::set (41 bytes)
Event: 12.544 Thread 0x000000001bce6800 nmethod 4948 0x0000000005f13d10 code [0x0000000005f13ea0, 0x0000000005f14208]
Event: 12.720 Thread 0x000000001bce6800 4950       3       sun.misc.Unsafe::getAndAddLong (27 bytes)

GC Heap History (10 events):
Event: 6.437 GC heap before
{Heap before GC invocations=11 (full 2):
 PSYoungGen      total 209408K, used 197120K [0x00000000d6500000, 0x00000000e5400000, 0x0000000100000000)
  eden space 197120K, 100% used [0x00000000d6500000,0x00000000e2580000,0x00000000e2580000)
  from space 12288K, 0% used [0x00000000e3300000,0x00000000e3300000,0x00000000e3f00000)
  to   space 13824K, 0% used [0x00000000e2580000,0x00000000e2580000,0x00000000e3300000)
 ParOldGen       total 75264K, used 17341K [0x0000000082e00000, 0x0000000087780000, 0x00000000d6500000)
  object space 75264K, 23% used [0x0000000082e00000,0x0000000083eef6b8,0x0000000087780000)
 Metaspace       used 45602K, capacity 47042K, committed 47104K, reserved 1089536K
  class space    used 6047K, capacity 6349K, committed 6400K, reserved 1048576K
Event: 6.454 GC heap after
Heap after GC invocations=11 (full 2):
 PSYoungGen      total 210944K, used 13793K [0x00000000d6500000, 0x00000000e8880000, 0x0000000100000000)
  eden space 197120K, 0% used [0x00000000d6500000,0x00000000d6500000,0x00000000e2580000)
  from space 13824K, 99% used [0x00000000e2580000,0x00000000e32f8720,0x00000000e3300000)
  to   space 15872K, 0% used [0x00000000e7900000,0x00000000e7900000,0x00000000e8880000)
 ParOldGen       total 75264K, used 17799K [0x0000000082e00000, 0x0000000087780000, 0x00000000d6500000)
  object space 75264K, 23% used [0x0000000082e00000,0x0000000083f61e70,0x0000000087780000)
 Metaspace       used 45602K, capacity 47042K, committed 47104K, reserved 1089536K
  class space    used 6047K, capacity 6349K, committed 6400K, reserved 1048576K
}
Event: 8.286 GC heap before
{Heap before GC invocations=12 (full 2):
 PSYoungGen      total 210944K, used 184106K [0x00000000d6500000, 0x00000000e8880000, 0x0000000100000000)
  eden space 197120K, 86% used [0x00000000d6500000,0x00000000e0b521b0,0x00000000e2580000)
  from space 13824K, 99% used [0x00000000e2580000,0x00000000e32f8720,0x00000000e3300000)
  to   space 15872K, 0% used [0x00000000e7900000,0x00000000e7900000,0x00000000e8880000)
 ParOldGen       total 75264K, used 17799K [0x0000000082e00000, 0x0000000087780000, 0x00000000d6500000)
  object space 75264K, 23% used [0x0000000082e00000,0x0000000083f61e70,0x0000000087780000)
 Metaspace       used 56983K, capacity 58960K, committed 59028K, reserved 1099776K
  class space    used 7519K, capacity 8026K, committed 8064K, reserved 1048576K
Event: 8.301 GC heap after
Heap after GC invocations=12 (full 2):
 PSYoungGen      total 277504K, used 15849K [0x00000000d6500000, 0x00000000e8980000, 0x0000000100000000)
  eden space 261632K, 0% used [0x00000000d6500000,0x00000000d6500000,0x00000000e6480000)
  from space 15872K, 99% used [0x00000000e7900000,0x00000000e887a7e8,0x00000000e8880000)
  to   space 18944K, 0% used [0x00000000e6480000,0x00000000e6480000,0x00000000e7700000)
 ParOldGen       total 75264K, used 20875K [0x0000000082e00000, 0x0000000087780000, 0x00000000d6500000)
  object space 75264K, 27% used [0x0000000082e00000,0x0000000084262c70,0x0000000087780000)
 Metaspace       used 56983K, capacity 58960K, committed 59028K, reserved 1099776K
  class space    used 7519K, capacity 8026K, committed 8064K, reserved 1048576K
}
Event: 8.301 GC heap before
{Heap before GC invocations=13 (full 3):
 PSYoungGen      total 277504K, used 15849K [0x00000000d6500000, 0x00000000e8980000, 0x0000000100000000)
  eden space 261632K, 0% used [0x00000000d6500000,0x00000000d6500000,0x00000000e6480000)
  from space 15872K, 99% used [0x00000000e7900000,0x00000000e887a7e8,0x00000000e8880000)
  to   space 18944K, 0% used [0x00000000e6480000,0x00000000e6480000,0x00000000e7700000)
 ParOldGen       total 75264K, used 20875K [0x0000000082e00000, 0x0000000087780000, 0x00000000d6500000)
  object space 75264K, 27% used [0x0000000082e00000,0x0000000084262c70,0x0000000087780000)
 Metaspace       used 56983K, capacity 58960K, committed 59028K, reserved 1099776K
  class space    used 7519K, capacity 8026K, committed 8064K, reserved 1048576K
Event: 8.435 GC heap after
Heap after GC invocations=13 (full 3):
 PSYoungGen      total 277504K, used 0K [0x00000000d6500000, 0x00000000e8980000, 0x0000000100000000)
  eden space 261632K, 0% used [0x00000000d6500000,0x00000000d6500000,0x00000000e6480000)
  from space 15872K, 0% used [0x00000000e7900000,0x00000000e7900000,0x00000000e8880000)
  to   space 18944K, 0% used [0x00000000e6480000,0x00000000e6480000,0x00000000e7700000)
 ParOldGen       total 109568K, used 33263K [0x0000000082e00000, 0x0000000089900000, 0x00000000d6500000)
  object space 109568K, 30% used [0x0000000082e00000,0x0000000084e7bf30,0x0000000089900000)
 Metaspace       used 56983K, capacity 58960K, committed 59028K, reserved 1099776K
  class space    used 7519K, capacity 8026K, committed 8064K, reserved 1048576K
}
Event: 10.840 GC heap before
{Heap before GC invocations=14 (full 3):
 PSYoungGen      total 277504K, used 246411K [0x00000000d6500000, 0x00000000e8980000, 0x0000000100000000)
  eden space 261632K, 94% used [0x00000000d6500000,0x00000000e55a2d78,0x00000000e6480000)
  from space 15872K, 0% used [0x00000000e7900000,0x00000000e7900000,0x00000000e8880000)
  to   space 18944K, 0% used [0x00000000e6480000,0x00000000e6480000,0x00000000e7700000)
 ParOldGen       total 109568K, used 33263K [0x0000000082e00000, 0x0000000089900000, 0x00000000d6500000)
  object space 109568K, 30% used [0x0000000082e00000,0x0000000084e7bf30,0x0000000089900000)
 Metaspace       used 65712K, capacity 68314K, committed 68480K, reserved 1107968K
  class space    used 8858K, capacity 9479K, committed 9600K, reserved 1048576K
Event: 10.880 GC heap after
Heap after GC invocations=14 (full 3):
 PSYoungGen      total 280576K, used 18912K [0x00000000d6500000, 0x00000000f0b00000, 0x0000000100000000)
  eden space 261632K, 0% used [0x00000000d6500000,0x00000000d6500000,0x00000000e6480000)
  from space 18944K, 99% used [0x00000000e6480000,0x00000000e76f8010,0x00000000e7700000)
  to   space 49152K, 0% used [0x00000000edb00000,0x00000000edb00000,0x00000000f0b00000)
 ParOldGen       total 109568K, used 108688K [0x0000000082e00000, 0x0000000089900000, 0x00000000d6500000)
  object space 109568K, 99% used [0x0000000082e00000,0x0000000089824338,0x0000000089900000)
 Metaspace       used 65712K, capacity 68314K, committed 68480K, reserved 1107968K
  class space    used 8858K, capacity 9479K, committed 9600K, reserved 1048576K
}
Event: 10.880 GC heap before
{Heap before GC invocations=15 (full 4):
 PSYoungGen      total 280576K, used 18912K [0x00000000d6500000, 0x00000000f0b00000, 0x0000000100000000)
  eden space 261632K, 0% used [0x00000000d6500000,0x00000000d6500000,0x00000000e6480000)
  from space 18944K, 99% used [0x00000000e6480000,0x00000000e76f8010,0x00000000e7700000)
  to   space 49152K, 0% used [0x00000000edb00000,0x00000000edb00000,0x00000000f0b00000)
 ParOldGen       total 109568K, used 108688K [0x0000000082e00000, 0x0000000089900000, 0x00000000d6500000)
  object space 109568K, 99% used [0x0000000082e00000,0x0000000089824338,0x0000000089900000)
 Metaspace       used 65712K, capacity 68314K, committed 68480K, reserved 1107968K
  class space    used 8858K, capacity 9479K, committed 9600K, reserved 1048576K
Event: 11.098 GC heap after
Heap after GC invocations=15 (full 4):
 PSYoungGen      total 280576K, used 17859K [0x00000000d6500000, 0x00000000f0b00000, 0x0000000100000000)
  eden space 261632K, 0% used [0x00000000d6500000,0x00000000d6500000,0x00000000e6480000)
  from space 18944K, 94% used [0x00000000e6480000,0x00000000e75f0f58,0x00000000e7700000)
  to   space 49152K, 0% used [0x00000000edb00000,0x00000000edb00000,0x00000000f0b00000)
 ParOldGen       total 109568K, used 100660K [0x0000000082e00000, 0x0000000089900000, 0x00000000d6500000)
  object space 109568K, 91% used [0x0000000082e00000,0x000000008904d030,0x0000000089900000)
 Metaspace       used 65712K, capacity 68314K, committed 68480K, reserved 1107968K
  class space    used 8858K, capacity 9479K, committed 9600K, reserved 1048576K
}

Deoptimization events (10 events):
Event: 11.292 Thread 0x0000000004d87000 Uncommon trap: reason=bimorphic action=maybe_recompile pc=0x0000000005e8c988 method=org.springframework.core.annotation.AnnotatedElementUtils.searchWithFindSemantics(Ljava/lang/reflect/AnnotatedElement;Ljava/lang/Class;Ljava/lang/String;Ljava/lang/Class;L
Event: 11.293 Thread 0x0000000004d87000 Uncommon trap: reason=bimorphic action=maybe_recompile pc=0x0000000005e8c988 method=org.springframework.core.annotation.AnnotatedElementUtils.searchWithFindSemantics(Ljava/lang/reflect/AnnotatedElement;Ljava/lang/Class;Ljava/lang/String;Ljava/lang/Class;L
Event: 11.458 Thread 0x0000000004d87000 Uncommon trap: reason=class_check action=maybe_recompile pc=0x00000000057ba644 method=org.springframework.util.ConcurrentReferenceHashMap.get(Ljava/lang/Object;)Ljava/lang/Object; @ 14
Event: 11.458 Thread 0x0000000004d87000 Uncommon trap: reason=class_check action=maybe_recompile pc=0x00000000057ba644 method=org.springframework.util.ConcurrentReferenceHashMap.get(Ljava/lang/Object;)Ljava/lang/Object; @ 14
Event: 12.289 Thread 0x0000000004d87000 Uncommon trap: reason=unstable_if action=reinterpret pc=0x0000000005d7ccd8 method=java.lang.Class$MethodArray.addIfNotPresent(Ljava/lang/reflect/Method;)V @ 19
Event: 12.311 Thread 0x0000000004d87000 Uncommon trap: reason=unstable_if action=reinterpret pc=0x0000000005240fd4 method=org.springframework.util.ConcurrentReferenceHashMap$Segment.clear()V @ 4
Event: 12.338 Thread 0x0000000004d87000 Uncommon trap: reason=unstable_if action=reinterpret pc=0x000000000566db30 method=java.util.LinkedHashMap.get(Ljava/lang/Object;)Ljava/lang/Object; @ 20
Event: 12.348 Thread 0x0000000004d87000 Uncommon trap: reason=unstable_if action=reinterpret pc=0x0000000005c2921c method=org.springframework.core.annotation.AnnotatedElementUtils$MergedAnnotationAttributesProcessor.<init>(ZZZ)V @ 21
Event: 12.465 Thread 0x0000000004d87000 Uncommon trap: reason=unstable_if action=reinterpret pc=0x00000000057c6220 method=org.springframework.asm.MethodWriter.visitLabel(Lorg/springframework/asm/Label;)V @ 45
Event: 12.466 Thread 0x0000000004d87000 Uncommon trap: reason=unstable_if action=reinterpret pc=0x0000000005d54930 method=org.springframework.asm.MethodWriter.visitMaxs(II)V @ 4

Internal exceptions (10 events):
Event: 12.095 Thread 0x0000000004d87000 Exception <a 'java/lang/ClassNotFoundException': org/springframework/web/context/ServletContextAwareCustomizer> (0x00000000df620938) thrown at [C:\re\workspace\8-2-build-windows-amd64-cygwin\jdk8u144\9417\hotspot\src\share\vm\classfile\systemDictionary.cp
Event: 12.096 Thread 0x0000000004d87000 Exception <a 'java/lang/ClassNotFoundException': org/springframework/beans/factory/InitializingBeanCustomizer> (0x00000000df6483f8) thrown at [C:\re\workspace\8-2-build-windows-amd64-cygwin\jdk8u144\9417\hotspot\src\share\vm\classfile\systemDictionary.cpp
Event: 12.097 Thread 0x0000000004d87000 Exception <a 'java/lang/ClassNotFoundException': org/springframework/beans/factory/DisposableBeanCustomizer> (0x00000000df66da38) thrown at [C:\re\workspace\8-2-build-windows-amd64-cygwin\jdk8u144\9417\hotspot\src\share\vm\classfile\systemDictionary.cpp, 
Event: 12.102 Thread 0x0000000004d87000 Exception <a 'java/lang/ClassNotFoundException': java/lang/ObjectCustomizer> (0x00000000df6c4c08) thrown at [C:\re\workspace\8-2-build-windows-amd64-cygwin\jdk8u144\9417\hotspot\src\share\vm\classfile\systemDictionary.cpp, line 210]
Event: 12.102 Thread 0x0000000004d87000 Exception <a 'java/lang/ClassNotFoundException': org/springframework/web/multipart/support/StandardServletMultipartResolverCustomizer> (0x00000000df6f9e30) thrown at [C:\re\workspace\8-2-build-windows-amd64-cygwin\jdk8u144\9417\hotspot\src\share\vm\classf
Event: 12.103 Thread 0x0000000004d87000 Exception <a 'java/lang/ClassNotFoundException': org/springframework/web/multipart/MultipartResolverCustomizer> (0x00000000df7261d8) thrown at [C:\re\workspace\8-2-build-windows-amd64-cygwin\jdk8u144\9417\hotspot\src\share\vm\classfile\systemDictionary.cp
Event: 12.339 Thread 0x0000000004d87000 Exception <a 'java/lang/ClassNotFoundException': java/lang/ObjectCustomizer> (0x00000000e0b1b590) thrown at [C:\re\workspace\8-2-build-windows-amd64-cygwin\jdk8u144\9417\hotspot\src\share\vm\classfile\systemDictionary.cpp, line 210]
Event: 12.340 Thread 0x0000000004d87000 Exception <a 'java/lang/ClassNotFoundException': com/tangzhe/repository/EsBlogRepositoryTestCustomizer> (0x00000000e0b426a8) thrown at [C:\re\workspace\8-2-build-windows-amd64-cygwin\jdk8u144\9417\hotspot\src\share\vm\classfile\systemDictionary.cpp, line 
Event: 12.341 Thread 0x0000000004d87000 Implicit null exception at 0x0000000005446894 to 0x0000000005447a4e
Event: 12.341 Thread 0x0000000004d87000 Exception <a 'java/lang/NullPointerException'> (0x00000000e0b47510) thrown at [C:\re\workspace\8-2-build-windows-amd64-cygwin\jdk8u144\9417\hotspot\src\share\vm\runtime\sharedRuntime.cpp, line 605]

Events (10 events):
Event: 12.539 loading class com/fasterxml/jackson/databind/ser/impl/UnwrappingBeanSerializer done
Event: 12.539 Thread 0x0000000004d87000 DEOPT PACKING pc=0x0000000005193b98 sp=0x0000000004d7afd0
Event: 12.539 Thread 0x0000000004d87000 DEOPT UNPACKING pc=0x0000000004ec787f sp=0x0000000004d7aca0 mode 1
Event: 12.540 loading class com/fasterxml/jackson/core/io/JsonStringEncoder
Event: 12.540 loading class com/fasterxml/jackson/core/io/JsonStringEncoder done
Event: 12.540 Thread 0x0000000004d87000 DEOPT PACKING pc=0x0000000005193b98 sp=0x0000000004d7bd60
Event: 12.540 Thread 0x0000000004d87000 DEOPT UNPACKING pc=0x0000000004ec787f sp=0x0000000004d7ba30 mode 1
Event: 12.543 Executing VM operation: RevokeBias
Event: 12.544 Executing VM operation: RevokeBias done
Event: 12.720 Executing VM operation: RevokeBias


Dynamic libraries:
0x00007ff687c00000 - 0x00007ff687c37000 	D:\Java\jdk1.8.0_144\bin\java.exe
0x00007ffbf22c0000 - 0x00007ffbf24a0000 	C:\WINDOWS\SYSTEM32\ntdll.dll
0x00007ffbf2010000 - 0x00007ffbf20be000 	C:\WINDOWS\System32\KERNEL32.DLL
0x00007ffbef320000 - 0x00007ffbef586000 	C:\WINDOWS\System32\KERNELBASE.dll
0x00007ffbef8a0000 - 0x00007ffbef941000 	C:\WINDOWS\System32\ADVAPI32.dll
0x00007ffbf21e0000 - 0x00007ffbf227d000 	C:\WINDOWS\System32\msvcrt.dll
0x00007ffbf1fb0000 - 0x00007ffbf200b000 	C:\WINDOWS\System32\sechost.dll
0x00007ffbf20c0000 - 0x00007ffbf21df000 	C:\WINDOWS\System32\RPCRT4.dll
0x00007ffbefb90000 - 0x00007ffbefd1f000 	C:\WINDOWS\System32\USER32.dll
0x00007ffbef5f0000 - 0x00007ffbef610000 	C:\WINDOWS\System32\win32u.dll
0x00007ffbf0b20000 - 0x00007ffbf0b48000 	C:\WINDOWS\System32\GDI32.dll
0x00007ffbee890000 - 0x00007ffbeea23000 	C:\WINDOWS\System32\gdi32full.dll
0x00007ffbef280000 - 0x00007ffbef31b000 	C:\WINDOWS\System32\msvcp_win.dll
0x00007ffbef690000 - 0x00007ffbef786000 	C:\WINDOWS\System32\ucrtbase.dll
0x00007ffbe0bf0000 - 0x00007ffbe0e59000 	C:\WINDOWS\WinSxS\amd64_microsoft.windows.common-controls_6595b64144ccf1df_6.0.16299.371_none_15c7d1789365a290\COMCTL32.dll
0x00007ffbefdd0000 - 0x00007ffbf00d8000 	C:\WINDOWS\System32\combase.dll
0x00007ffbef610000 - 0x00007ffbef682000 	C:\WINDOWS\System32\bcryptPrimitives.dll
0x00007ffbef9e0000 - 0x00007ffbefa0d000 	C:\WINDOWS\System32\IMM32.DLL
0x0000000074950000 - 0x0000000074a22000 	D:\Java\jdk1.8.0_144\jre\bin\msvcr100.dll
0x0000000073750000 - 0x0000000073fed000 	D:\Java\jdk1.8.0_144\jre\bin\server\jvm.dll
0x00007ffbef9d0000 - 0x00007ffbef9d8000 	C:\WINDOWS\System32\PSAPI.DLL
0x00007ffbe57b0000 - 0x00007ffbe57ba000 	C:\WINDOWS\SYSTEM32\VERSION.dll
0x00007ffbe28a0000 - 0x00007ffbe28c3000 	C:\WINDOWS\SYSTEM32\WINMM.dll
0x00007ffbe0910000 - 0x00007ffbe0919000 	C:\WINDOWS\SYSTEM32\WSOCK32.dll
0x00007ffbef950000 - 0x00007ffbef9bc000 	C:\WINDOWS\System32\WS2_32.dll
0x00007ffbe07d0000 - 0x00007ffbe07fa000 	C:\WINDOWS\SYSTEM32\WINMMBASE.dll
0x00007ffbef230000 - 0x00007ffbef27a000 	C:\WINDOWS\System32\cfgmgr32.dll
0x0000000074e30000 - 0x0000000074e3f000 	D:\Java\jdk1.8.0_144\jre\bin\verify.dll
0x0000000074d60000 - 0x0000000074d89000 	D:\Java\jdk1.8.0_144\jre\bin\java.dll
0x0000000073710000 - 0x0000000073745000 	D:\Java\jdk1.8.0_144\jre\bin\jdwp.dll
0x0000000074d40000 - 0x0000000074d48000 	D:\Java\jdk1.8.0_144\jre\bin\npt.dll
0x0000000074e10000 - 0x0000000074e26000 	D:\Java\jdk1.8.0_144\jre\bin\zip.dll
0x00007ffbf0b50000 - 0x00007ffbf1f86000 	C:\WINDOWS\System32\SHELL32.dll
0x00007ffbefd20000 - 0x00007ffbefdc6000 	C:\WINDOWS\System32\shcore.dll
0x00007ffbeeae0000 - 0x00007ffbef227000 	C:\WINDOWS\System32\windows.storage.dll
0x00007ffbf0360000 - 0x00007ffbf03b1000 	C:\WINDOWS\System32\shlwapi.dll
0x00007ffbee6a0000 - 0x00007ffbee6b1000 	C:\WINDOWS\System32\kernel.appcore.dll
0x00007ffbee630000 - 0x00007ffbee67c000 	C:\WINDOWS\System32\powrprof.dll
0x00007ffbee610000 - 0x00007ffbee62b000 	C:\WINDOWS\System32\profapi.dll
0x0000000073700000 - 0x0000000073709000 	D:\Java\jdk1.8.0_144\jre\bin\dt_socket.dll
0x00007ffbe57c0000 - 0x00007ffbe593a000 	C:\Program Files (x86)\Sangfor\SSL\ClientComponent\SangforTcpX64.dll
0x00007ffbf00e0000 - 0x00007ffbf0229000 	C:\WINDOWS\System32\ole32.dll
0x00007ffbf0290000 - 0x00007ffbf0355000 	C:\WINDOWS\System32\OLEAUT32.dll
0x00007ffbef590000 - 0x00007ffbef5e8000 	C:\WINDOWS\System32\WINTRUST.dll
0x00007ffbee680000 - 0x00007ffbee692000 	C:\WINDOWS\System32\MSASN1.dll
0x00007ffbee6c0000 - 0x00007ffbee88e000 	C:\WINDOWS\System32\CRYPT32.dll
0x00007ffbedea0000 - 0x00007ffbedf06000 	C:\WINDOWS\system32\mswsock.dll
0x0000000074930000 - 0x000000007494a000 	D:\Java\jdk1.8.0_144\jre\bin\net.dll
0x0000000074910000 - 0x0000000074921000 	D:\Java\jdk1.8.0_144\jre\bin\nio.dll
0x0000000074d50000 - 0x0000000074d5d000 	D:\Java\jdk1.8.0_144\jre\bin\management.dll
0x00007ffbe0660000 - 0x00007ffbe0676000 	C:\WINDOWS\system32\napinsp.dll
0x00007ffbdebe0000 - 0x00007ffbdebfa000 	C:\WINDOWS\system32\pnrpnsp.dll
0x00007ffbe9030000 - 0x00007ffbe9048000 	C:\WINDOWS\system32\NLAapi.dll
0x00007ffbedc70000 - 0x00007ffbedd26000 	C:\WINDOWS\SYSTEM32\DNSAPI.dll
0x00007ffbf2280000 - 0x00007ffbf2288000 	C:\WINDOWS\System32\NSI.dll
0x00007ffbedc30000 - 0x00007ffbedc69000 	C:\WINDOWS\SYSTEM32\IPHLPAPI.DLL
0x00007ffbe0900000 - 0x00007ffbe090e000 	C:\WINDOWS\System32\winrnr.dll
0x00007ffbe8eb0000 - 0x00007ffbe8ec5000 	C:\WINDOWS\System32\wshbth.dll
0x00007ffbe68c0000 - 0x00007ffbe68ca000 	C:\Windows\System32\rasadhlp.dll
0x00007ffbe6980000 - 0x00007ffbe69f0000 	C:\WINDOWS\System32\fwpuclnt.dll
0x00007ffbee170000 - 0x00007ffbee195000 	C:\WINDOWS\SYSTEM32\bcrypt.dll
0x00007ffbee060000 - 0x00007ffbee077000 	C:\WINDOWS\SYSTEM32\CRYPTSP.dll
0x00007ffbedaa0000 - 0x00007ffbedad3000 	C:\WINDOWS\system32\rsaenh.dll
0x00007ffbee540000 - 0x00007ffbee569000 	C:\WINDOWS\SYSTEM32\USERENV.dll
0x00007ffbee080000 - 0x00007ffbee08b000 	C:\WINDOWS\SYSTEM32\CRYPTBASE.dll
0x00007ffbe8b60000 - 0x00007ffbe8b76000 	C:\WINDOWS\SYSTEM32\dhcpcsvc6.DLL
0x00007ffbe8b40000 - 0x00007ffbe8b5a000 	C:\WINDOWS\SYSTEM32\dhcpcsvc.DLL

VM Arguments:
jvm_args: -agentlib:jdwp=transport=dt_socket,address=127.0.0.1:50807,suspend=y,server=n -ea -Didea.test.cyclic.buffer.size=1048576 -Dfile.encoding=UTF-8 
java_command: com.intellij.rt.execution.junit.JUnitStarter -ideVersion5 -junit4 com.tangzhe.repository.EsBlogRepositoryTest,testFindDistinctEsBlogByTitleContainingOrSummaryContainingOrContentContaining
java_class_path (initial): D:\IntelliJ IDEA\lib\idea_rt.jar;D:\IntelliJ IDEA\plugins\junit\lib\junit-rt.jar;D:\IntelliJ IDEA\plugins\junit\lib\junit5-rt.jar;D:\Java\jdk1.8.0_144\jre\lib\charsets.jar;D:\Java\jdk1.8.0_144\jre\lib\deploy.jar;D:\Java\jdk1.8.0_144\jre\lib\ext\access-bridge-64.jar;D:\Java\jdk1.8.0_144\jre\lib\ext\cldrdata.jar;D:\Java\jdk1.8.0_144\jre\lib\ext\dnsns.jar;D:\Java\jdk1.8.0_144\jre\lib\ext\jaccess.jar;D:\Java\jdk1.8.0_144\jre\lib\ext\jfxrt.jar;D:\Java\jdk1.8.0_144\jre\lib\ext\localedata.jar;D:\Java\jdk1.8.0_144\jre\lib\ext\nashorn.jar;D:\Java\jdk1.8.0_144\jre\lib\ext\sunec.jar;D:\Java\jdk1.8.0_144\jre\lib\ext\sunjce_provider.jar;D:\Java\jdk1.8.0_144\jre\lib\ext\sunmscapi.jar;D:\Java\jdk1.8.0_144\jre\lib\ext\sunpkcs11.jar;D:\Java\jdk1.8.0_144\jre\lib\ext\zipfs.jar;D:\Java\jdk1.8.0_144\jre\lib\javaws.jar;D:\Java\jdk1.8.0_144\jre\lib\jce.jar;D:\Java\jdk1.8.0_144\jre\lib\jfr.jar;D:\Java\jdk1.8.0_144\jre\lib\jfxswt.jar;D:\Java\jdk1.8.0_144\jre\lib\jsse.jar;D:\Java\jdk1.8.0_144\jre\lib\management-agent.jar;D:\Java\jdk1.8.0_144\jre\lib\plugin.jar;D:\Java\jdk1.8.0_144\jre\lib\resources.jar;D:\Java\jdk1.8.0_144\jre\lib\rt.jar;D:\IdeaProjects\imooc\elasticsearch-demo\target\test-classes;D:\IdeaProjects\imooc\elasticsearch-demo\target\classes;D:\work\jar\org\springframework\boot\spring-boot-starter-web\2.0.0.RELEASE\spring-boot-starter-web-2.0.0.RELEASE.jar;D:\work\jar\org\springframework\boot\spring-boot-starter\2.0.0.RELEASE\spring-boot-starter-2.0.0.RELEASE.jar;D:\work\jar\org\springframework\boot\spring-boot\2.0.0.RELEASE\spring-boot-2.0.0.RELEASE.jar;D:\work\jar\org\springframework\boot\spring-boot-autoconfigure\2.0.0.RELEASE\spring-boot-autoconfigure-2.0.0.RELEASE.jar;D:\work\jar\org\springframework\boot\spring-boot-starter-logging\2.0.0.RELEASE\spring-boot-starter-logging-2.0.0.RELEASE.jar;D:\work\jar\ch\qos\logback\logback-classic\1.2.3\logback-classic-1.2.3.jar;D:\work\jar\ch\qos\logback\logback-core\1.2.3\logback-core-1.2.3.jar;D:\work\jar\org
Launcher Type: SUN_STANDARD

Environment Variables:
JAVA_HOME=D:\Java\jdk1.8.0_144
CLASSPATH=.;D:\Java\jdk1.8.0_144\lib;D:\Java\jdk1.8.0_144\lib\tools.jar
PATH=C:\ProgramData\Oracle\Java\javapath;F:\Java\instantclient_12_1;F:\Java\apache-maven-3.3.9\bin;G:\Java\MySQL\MySQL Server 5.5\bin;D:\Java\jdk1.8.0_144\bin;D:\Java\jdk1.8.0_144\jre\bin;C:\WINDOWS\system32;C:\WINDOWS;C:\WINDOWS\System32\Wbem;C:\WINDOWS\System32\WindowsPowerShell\v1.0\;G:\Java\MySQL\MySQL Server 5.5\bin;F:\Program Files (x86)\Subversion\bin;F:\Program Files\TortoiseSVN\bin;F:\Program Files (x86)\VanDyke Software\Clients\;F:\Program Files\nodejs\;D:\work\Git\cmd;D:\Python\Python36\;D:\Python\Python36\Scripts;D:\work\hadoop\bin;D:\Scala\scala-2.11.8\bin;D:\Go\Go\bin;C:\Users\Administrator\AppData\Local\Microsoft\WindowsApps;C:\Users\Administrator\AppData\Roaming\npm;
USERNAME=Administrator
OS=Windows_NT
PROCESSOR_IDENTIFIER=Intel64 Family 6 Model 94 Stepping 3, GenuineIntel



---------------  S Y S T E M  ---------------

OS: Windows 10.0 , 64 bit Build 16299 (10.0.16299.15)

CPU:total 8 (initial active 8) (4 cores per cpu, 2 threads per core) family 6 model 94 stepping 3, cmov, cx8, fxsr, mmx, sse, sse2, sse3, ssse3, sse4.1, sse4.2, popcnt, avx, avx2, aes, clmul, erms, rtm, 3dnowpref, lzcnt, ht, tsc, tscinvbit, bmi1, bmi2, adx

Memory: 4k page, physical 8199116k(2215596k free), swap 10296268k(4096k free)

vm_info: Java HotSpot(TM) 64-Bit Server VM (25.144-b01) for windows-amd64 JRE (1.8.0_144-b01), built on Jul 21 2017 21:57:33 by "java_re" with MS VC++ 10.0 (VS2010)

time: Wed Apr 18 22:21:51 2018
elapsed time: 12 seconds (0d 0h 0m 12s)

